05:37:19.217 [main] TRACE com.yeahbutstill.LevelTest - Trace
05:37:19.223 [main] DEBUG com.yeahbutstill.LevelTest - Debug
05:37:19.223 [main] INFO  com.yeahbutstill.LevelTest - Info
05:37:19.224 [main] WARN  com.yeahbutstill.LevelTest - Warning
05:37:19.224 [main] ERROR com.yeahbutstill.LevelTest - Error
07:11:38.690 [main] TRACE com.yeahbutstill.LevelTest - Trace
07:11:38.692 [main] DEBUG com.yeahbutstill.LevelTest - Debug
07:11:38.692 [main] INFO  com.yeahbutstill.LevelTest - Info
07:11:38.692 [main] WARN  com.yeahbutstill.LevelTest - Warning
07:11:38.693 [main] ERROR com.yeahbutstill.LevelTest - Error
07:11:41.805 [main] TRACE com.yeahbutstill.LevelTest - Trace
07:11:41.807 [main] DEBUG com.yeahbutstill.LevelTest - Debug
07:11:41.807 [main] INFO  com.yeahbutstill.LevelTest - Info
07:11:41.808 [main] WARN  com.yeahbutstill.LevelTest - Warning
07:11:41.808 [main] ERROR com.yeahbutstill.LevelTest - Error
07:11:44.812 [main] TRACE com.yeahbutstill.LevelTest - Trace
07:11:44.814 [main] DEBUG com.yeahbutstill.LevelTest - Debug
07:11:44.814 [main] INFO  com.yeahbutstill.LevelTest - Info
07:11:44.814 [main] WARN  com.yeahbutstill.LevelTest - Warning
07:11:44.814 [main] ERROR com.yeahbutstill.LevelTest - Error
07:11:47.868 [main] TRACE com.yeahbutstill.LevelTest - Trace
07:11:47.869 [main] DEBUG com.yeahbutstill.LevelTest - Debug
07:11:47.869 [main] INFO  com.yeahbutstill.LevelTest - Info
07:11:47.870 [main] WARN  com.yeahbutstill.LevelTest - Warning
07:11:47.870 [main] ERROR com.yeahbutstill.LevelTest - Error
07:11:58.377 [main] TRACE com.yeahbutstill.LevelTest - Trace
07:11:58.380 [main] DEBUG com.yeahbutstill.LevelTest - Debug
07:11:58.381 [main] INFO  com.yeahbutstill.LevelTest - Info
07:11:58.381 [main] WARN  com.yeahbutstill.LevelTest - Warning
07:11:58.382 [main] ERROR com.yeahbutstill.LevelTest - Error
07:12:01.529 [main] TRACE com.yeahbutstill.LevelTest - Trace
07:12:01.531 [main] DEBUG com.yeahbutstill.LevelTest - Debug
07:12:01.531 [main] INFO  com.yeahbutstill.LevelTest - Info
07:12:01.531 [main] WARN  com.yeahbutstill.LevelTest - Warning
07:12:01.532 [main] ERROR com.yeahbutstill.LevelTest - Error
07:12:07.219 [main] TRACE com.yeahbutstill.LevelTest - Trace
07:12:07.221 [main] DEBUG com.yeahbutstill.LevelTest - Debug
07:12:07.222 [main] INFO  com.yeahbutstill.LevelTest - Info
07:12:07.222 [main] WARN  com.yeahbutstill.LevelTest - Warning
07:12:07.222 [main] ERROR com.yeahbutstill.LevelTest - Error
2021-11-25 07:12:43.803 [main] TRACE com.yeahbutstill.LevelTest - Trace
2021-11-25 07:12:43.805 [main] DEBUG com.yeahbutstill.LevelTest - Debug
2021-11-25 07:12:43.805 [main] INFO  com.yeahbutstill.LevelTest - Info
2021-11-25 07:12:43.806 [main] WARN  com.yeahbutstill.LevelTest - Warning
2021-11-25 07:12:43.806 [main] ERROR com.yeahbutstill.LevelTest - Error
2021-11-25 07:16:12.896 [main] INFO  c.y.controller.MyController - cc6f2c3d-315b-463f-9573-2911623ade7a - Controller Save
2021-11-25 07:16:13.278 [main] INFO  com.yeahbutstill.service.MyService - cc6f2c3d-315b-463f-9573-2911623ade7a - Service Save
2021-11-25 07:16:13.278 [main] INFO  com.yeahbutstill.repo.MyRepository - cc6f2c3d-315b-463f-9573-2911623ade7a - Repository Save
2021-11-25 07:17:26.616 [main] INFO  c.y.controller.MyController - 551e91cc-ac7c-4b06-9da2-d591e32f59d5 - Controller Save
2021-11-25 07:17:26.619 [main] INFO  com.yeahbutstill.service.MyService - 551e91cc-ac7c-4b06-9da2-d591e32f59d5 - Service Save
2021-11-25 07:17:26.619 [main] INFO  com.yeahbutstill.repo.MyRepository - 551e91cc-ac7c-4b06-9da2-d591e32f59d5 - Repository Save
2021-11-25 07:17:29.955 [main] INFO  c.y.controller.MyController - 8488bf06-4c42-4030-a79b-9d6fc9bba475 - Controller Save
2021-11-25 07:17:29.959 [main] INFO  com.yeahbutstill.service.MyService - 8488bf06-4c42-4030-a79b-9d6fc9bba475 - Service Save
2021-11-25 07:17:29.959 [main] INFO  com.yeahbutstill.repo.MyRepository - 8488bf06-4c42-4030-a79b-9d6fc9bba475 - Repository Save
2021-11-25 07:17:33.053 [main] INFO  c.y.controller.MyController - 6e52c9b4-bc01-41b7-ae1c-77cadee8dbdc - Controller Save
2021-11-25 07:17:33.059 [main] INFO  com.yeahbutstill.service.MyService - 6e52c9b4-bc01-41b7-ae1c-77cadee8dbdc - Service Save
2021-11-25 07:17:33.059 [main] INFO  com.yeahbutstill.repo.MyRepository - 6e52c9b4-bc01-41b7-ae1c-77cadee8dbdc - Repository Save
2021-11-25 07:17:38.988 [main] INFO  c.y.controller.MyController - f01abd2c-d868-4407-8d3c-f2b296a7ea72 - Controller Save
2021-11-25 07:17:38.995 [main] INFO  com.yeahbutstill.service.MyService - f01abd2c-d868-4407-8d3c-f2b296a7ea72 - Service Save
2021-11-25 07:17:38.996 [main] INFO  com.yeahbutstill.repo.MyRepository - f01abd2c-d868-4407-8d3c-f2b296a7ea72 - Repository Save
2021-11-25 07:17:43.425 [main] INFO  c.y.controller.MyController - 189ac9cd-3fed-4fa7-8f02-a05780debefb - Controller Save
2021-11-25 07:17:43.431 [main] INFO  com.yeahbutstill.service.MyService - 189ac9cd-3fed-4fa7-8f02-a05780debefb - Service Save
2021-11-25 07:17:43.432 [main] INFO  com.yeahbutstill.repo.MyRepository - 189ac9cd-3fed-4fa7-8f02-a05780debefb - Repository Save
2021-11-25 07:17:47.061 [main] INFO  c.y.controller.MyController - 6a79ddc3-da5a-450b-97d9-49c95787a9db - Controller Save
2021-11-25 07:17:47.064 [main] INFO  com.yeahbutstill.service.MyService - 6a79ddc3-da5a-450b-97d9-49c95787a9db - Service Save
2021-11-25 07:17:47.064 [main] INFO  com.yeahbutstill.repo.MyRepository - 6a79ddc3-da5a-450b-97d9-49c95787a9db - Repository Save
2021-11-25 07:17:50.691 [main] INFO  c.y.controller.MyController - 447a86b7-4c25-4cd6-b02f-9de8da8b8fee - Controller Save
2021-11-25 07:17:50.696 [main] INFO  com.yeahbutstill.service.MyService - 447a86b7-4c25-4cd6-b02f-9de8da8b8fee - Service Save
2021-11-25 07:17:50.696 [main] INFO  com.yeahbutstill.repo.MyRepository - 447a86b7-4c25-4cd6-b02f-9de8da8b8fee - Repository Save
2021-11-25 07:17:57.586 [main] INFO  c.y.controller.MyController - 95f9093b-c606-45e6-847d-7f41c4b84580 - Controller Save
2021-11-25 07:17:57.589 [main] INFO  com.yeahbutstill.service.MyService - 95f9093b-c606-45e6-847d-7f41c4b84580 - Service Save
2021-11-25 07:17:57.589 [main] INFO  com.yeahbutstill.repo.MyRepository - 95f9093b-c606-45e6-847d-7f41c4b84580 - Repository Save
2021-11-25 07:18:41.776 [main] INFO  c.y.controller.MyController - 26a2a09c-5e83-47df-bfb1-ea557bec4645 - Controller Save
2021-11-25 07:18:41.780 [main] INFO  com.yeahbutstill.service.MyService - 26a2a09c-5e83-47df-bfb1-ea557bec4645 - Service Save
2021-11-25 07:18:41.780 [main] INFO  com.yeahbutstill.repo.MyRepository - 26a2a09c-5e83-47df-bfb1-ea557bec4645 - Repository Save
2021-11-25 07:18:47.133 [main] INFO  c.y.controller.MyController - b04db606-f82b-4a10-93f9-4cf46df98bb5 - Controller Save
2021-11-25 07:18:47.139 [main] INFO  com.yeahbutstill.service.MyService - b04db606-f82b-4a10-93f9-4cf46df98bb5 - Service Save
2021-11-25 07:18:47.140 [main] INFO  com.yeahbutstill.repo.MyRepository - b04db606-f82b-4a10-93f9-4cf46df98bb5 - Repository Save
2021-11-25 07:18:50.449 [main] INFO  c.y.controller.MyController - f3601bff-e3ed-4c8c-8d19-06097af95a1e - Controller Save
2021-11-25 07:18:50.452 [main] INFO  com.yeahbutstill.service.MyService - f3601bff-e3ed-4c8c-8d19-06097af95a1e - Service Save
2021-11-25 07:18:50.452 [main] INFO  com.yeahbutstill.repo.MyRepository - f3601bff-e3ed-4c8c-8d19-06097af95a1e - Repository Save
2021-11-25 07:19:20.159 [main] INFO  c.y.controller.MyController - 79e124a5-886a-434e-848e-8c5d4f70c296 - Controller Save
2021-11-25 07:19:20.164 [main] INFO  com.yeahbutstill.service.MyService - 79e124a5-886a-434e-848e-8c5d4f70c296 - Service Save
2021-11-25 07:19:20.164 [main] INFO  com.yeahbutstill.repo.MyRepository - 79e124a5-886a-434e-848e-8c5d4f70c296 - Repository Save
2021-11-25 07:20:11.802 [main] INFO  c.y.controller.MyController - b52a8a7a-20c6-4b92-a72d-98ea760dca37 - Controller Save
2021-11-25 07:20:11.807 [main] INFO  com.yeahbutstill.service.MyService - b52a8a7a-20c6-4b92-a72d-98ea760dca37 - Service Save
2021-11-25 07:20:11.808 [main] INFO  com.yeahbutstill.repo.MyRepository - b52a8a7a-20c6-4b92-a72d-98ea760dca37 - Repository Save
2021-11-25 07:20:17.985 [main] INFO  c.y.controller.MyController - 5789e668-1b31-4bb1-a5ef-525937ee148d - Controller Save
2021-11-25 07:20:17.988 [main] INFO  com.yeahbutstill.service.MyService - 5789e668-1b31-4bb1-a5ef-525937ee148d - Service Save
2021-11-25 07:20:17.988 [main] INFO  com.yeahbutstill.repo.MyRepository - 5789e668-1b31-4bb1-a5ef-525937ee148d - Repository Save
2021-11-25 07:20:20.875 [main] INFO  c.y.controller.MyController - d80cb299-20e3-4849-b4b9-f2d58ed8b013 - Controller Save
2021-11-25 07:20:20.879 [main] INFO  com.yeahbutstill.service.MyService - d80cb299-20e3-4849-b4b9-f2d58ed8b013 - Service Save
2021-11-25 07:20:20.880 [main] INFO  com.yeahbutstill.repo.MyRepository - d80cb299-20e3-4849-b4b9-f2d58ed8b013 - Repository Save
2021-11-25 07:20:24.583 [main] INFO  c.y.controller.MyController - 91d525eb-2d8d-4928-b9d9-d31e8947b2be - Controller Save
2021-11-25 07:20:24.591 [main] INFO  com.yeahbutstill.service.MyService - 91d525eb-2d8d-4928-b9d9-d31e8947b2be - Service Save
2021-11-25 07:20:24.591 [main] INFO  com.yeahbutstill.repo.MyRepository - 91d525eb-2d8d-4928-b9d9-d31e8947b2be - Repository Save
2021-11-25 07:20:31.295 [main] INFO  c.y.controller.MyController - 0a3b888a-2aec-4551-a706-70bf6e3ea584 - Controller Save
2021-11-25 07:20:31.298 [main] INFO  com.yeahbutstill.service.MyService - 0a3b888a-2aec-4551-a706-70bf6e3ea584 - Service Save
2021-11-25 07:20:31.298 [main] INFO  com.yeahbutstill.repo.MyRepository - 0a3b888a-2aec-4551-a706-70bf6e3ea584 - Repository Save
09:27:34.196 [main] INFO  c.y.controller.MyController [] - 30818ed7-5ad4-4cba-8ee3-4584117c3ae6 - Controller Save
09:27:34.198 [main] INFO  com.yeahbutstill.service.MyService [] - 30818ed7-5ad4-4cba-8ee3-4584117c3ae6 - Service Save
09:27:34.198 [main] INFO  com.yeahbutstill.repo.MyRepository [] - 30818ed7-5ad4-4cba-8ee3-4584117c3ae6 - Repository Save
09:30:46.774 [main] INFO  c.y.controller.MyController [ebac891c-48a3-4543-812d-2f1b26ddd5fc] - ebac891c-48a3-4543-812d-2f1b26ddd5fc - Controller Save
09:30:46.777 [main] INFO  com.yeahbutstill.service.MyService [ebac891c-48a3-4543-812d-2f1b26ddd5fc] - ebac891c-48a3-4543-812d-2f1b26ddd5fc - Service Save
09:30:46.777 [main] INFO  com.yeahbutstill.repo.MyRepository [ebac891c-48a3-4543-812d-2f1b26ddd5fc] - ebac891c-48a3-4543-812d-2f1b26ddd5fc - Repository Save
09:38:24.960 [main] INFO  c.y.controller.MyController [256e2b91-7ef0-443f-b69b-ab1cb086c218] - Controller Save
09:38:24.961 [main] INFO  com.yeahbutstill.service.MyService [256e2b91-7ef0-443f-b69b-ab1cb086c218] - Service Save
09:38:24.962 [main] INFO  com.yeahbutstill.repo.MyRepository [256e2b91-7ef0-443f-b69b-ab1cb086c218] - Repository Save
09:50:41.476 [Thread-7] INFO  c.y.controller.MyController [86ddf056-1f5f-4940-99b4-28262f1a77cd] - Controller Save
09:50:41.476 [Thread-10] INFO  c.y.controller.MyController [48b0a7f1-d80f-4641-acc8-219b3c4999f1] - Controller Save
09:50:41.476 [Thread-5] INFO  c.y.controller.MyController [c943df2c-3f92-477d-a567-b543fbfb3713] - Controller Save
09:50:41.476 [Thread-6] INFO  c.y.controller.MyController [cb21c2df-f13b-4621-ad6f-3753fc5c4f36] - Controller Save
09:50:41.476 [Thread-8] INFO  c.y.controller.MyController [3681c41b-593d-4ea4-8619-6b7c92da0ca2] - Controller Save
09:50:41.476 [Thread-1] INFO  c.y.controller.MyController [2c253ecb-bb6c-42df-b136-d9b00c59ab76] - Controller Save
09:50:41.476 [Thread-2] INFO  c.y.controller.MyController [ce9588ac-4994-4f2a-ae06-68f00214137c] - Controller Save
09:50:41.476 [Thread-3] INFO  c.y.controller.MyController [51996f3c-c6e0-4829-83da-892bceaea173] - Controller Save
09:50:41.477 [Thread-1] INFO  com.yeahbutstill.service.MyService [2c253ecb-bb6c-42df-b136-d9b00c59ab76] - Service Save
09:50:41.476 [Thread-4] INFO  c.y.controller.MyController [436a1cf2-8ac3-4293-97ab-f6824b02933e] - Controller Save
09:50:41.477 [Thread-3] INFO  com.yeahbutstill.service.MyService [51996f3c-c6e0-4829-83da-892bceaea173] - Service Save
09:50:41.478 [Thread-8] INFO  com.yeahbutstill.service.MyService [3681c41b-593d-4ea4-8619-6b7c92da0ca2] - Service Save
09:50:41.478 [Thread-5] INFO  com.yeahbutstill.service.MyService [c943df2c-3f92-477d-a567-b543fbfb3713] - Service Save
09:50:41.478 [Thread-8] INFO  com.yeahbutstill.repo.MyRepository [3681c41b-593d-4ea4-8619-6b7c92da0ca2] - Repository Save
09:50:41.477 [Thread-6] INFO  com.yeahbutstill.service.MyService [cb21c2df-f13b-4621-ad6f-3753fc5c4f36] - Service Save
09:50:41.478 [Thread-5] INFO  com.yeahbutstill.repo.MyRepository [c943df2c-3f92-477d-a567-b543fbfb3713] - Repository Save
09:50:41.477 [Thread-7] INFO  com.yeahbutstill.service.MyService [86ddf056-1f5f-4940-99b4-28262f1a77cd] - Service Save
09:50:41.477 [Thread-1] INFO  com.yeahbutstill.repo.MyRepository [2c253ecb-bb6c-42df-b136-d9b00c59ab76] - Repository Save
09:50:41.477 [Thread-2] INFO  com.yeahbutstill.service.MyService [ce9588ac-4994-4f2a-ae06-68f00214137c] - Service Save
09:50:41.478 [Thread-7] INFO  com.yeahbutstill.repo.MyRepository [86ddf056-1f5f-4940-99b4-28262f1a77cd] - Repository Save
09:50:41.478 [Thread-6] INFO  com.yeahbutstill.repo.MyRepository [cb21c2df-f13b-4621-ad6f-3753fc5c4f36] - Repository Save
09:50:41.476 [Thread-9] INFO  c.y.controller.MyController [cad7e591-890d-4ab2-816b-d5c38e992785] - Controller Save
09:50:41.478 [Thread-2] INFO  com.yeahbutstill.repo.MyRepository [ce9588ac-4994-4f2a-ae06-68f00214137c] - Repository Save
09:50:41.478 [Thread-3] INFO  com.yeahbutstill.repo.MyRepository [51996f3c-c6e0-4829-83da-892bceaea173] - Repository Save
09:50:41.478 [Thread-4] INFO  com.yeahbutstill.service.MyService [436a1cf2-8ac3-4293-97ab-f6824b02933e] - Service Save
09:50:41.478 [Thread-10] INFO  com.yeahbutstill.service.MyService [48b0a7f1-d80f-4641-acc8-219b3c4999f1] - Service Save
09:50:41.478 [Thread-9] INFO  com.yeahbutstill.service.MyService [cad7e591-890d-4ab2-816b-d5c38e992785] - Service Save
09:50:41.478 [Thread-4] INFO  com.yeahbutstill.repo.MyRepository [436a1cf2-8ac3-4293-97ab-f6824b02933e] - Repository Save
09:50:41.478 [Thread-9] INFO  com.yeahbutstill.repo.MyRepository [cad7e591-890d-4ab2-816b-d5c38e992785] - Repository Save
09:50:41.478 [Thread-10] INFO  com.yeahbutstill.repo.MyRepository [48b0a7f1-d80f-4641-acc8-219b3c4999f1] - Repository Save
09:51:03.660 [Thread-2] INFO  c.y.controller.MyController [24ef66a0-e640-4446-b1e3-9354d9f9656c] - Controller Save
09:51:03.661 [Thread-9] INFO  c.y.controller.MyController [1f3ce340-967f-42b1-9592-694a1387221c] - Controller Save
09:51:03.660 [Thread-8] INFO  c.y.controller.MyController [4840373a-b9b2-4947-9bdb-d01f85d86e8d] - Controller Save
09:51:03.660 [Thread-10] INFO  c.y.controller.MyController [4fe0b6b3-2ff8-49a8-8278-a08ab90e8156] - Controller Save
09:51:03.660 [Thread-7] INFO  c.y.controller.MyController [8dbbc29b-79d4-4789-90b5-7ee994801a1d] - Controller Save
09:51:03.660 [Thread-6] INFO  c.y.controller.MyController [eb01a1c1-1d8a-4079-be3b-a4392ab04b7f] - Controller Save
09:51:03.660 [Thread-5] INFO  c.y.controller.MyController [e2d90645-9863-4d6c-8b0a-462c6c031b85] - Controller Save
09:51:03.661 [Thread-4] INFO  c.y.controller.MyController [715c5e94-10f1-400d-9786-72646274132b] - Controller Save
09:51:03.662 [Thread-6] INFO  com.yeahbutstill.service.MyService [eb01a1c1-1d8a-4079-be3b-a4392ab04b7f] - Service Save
09:51:03.662 [Thread-7] INFO  com.yeahbutstill.service.MyService [8dbbc29b-79d4-4789-90b5-7ee994801a1d] - Service Save
09:51:03.662 [Thread-5] INFO  com.yeahbutstill.service.MyService [e2d90645-9863-4d6c-8b0a-462c6c031b85] - Service Save
09:51:03.662 [Thread-4] INFO  com.yeahbutstill.service.MyService [715c5e94-10f1-400d-9786-72646274132b] - Service Save
09:51:03.662 [Thread-6] INFO  com.yeahbutstill.repo.MyRepository [eb01a1c1-1d8a-4079-be3b-a4392ab04b7f] - Repository Save
09:51:03.662 [Thread-7] INFO  com.yeahbutstill.repo.MyRepository [8dbbc29b-79d4-4789-90b5-7ee994801a1d] - Repository Save
09:51:03.662 [Thread-5] INFO  com.yeahbutstill.repo.MyRepository [e2d90645-9863-4d6c-8b0a-462c6c031b85] - Repository Save
09:51:03.662 [Thread-4] INFO  com.yeahbutstill.repo.MyRepository [715c5e94-10f1-400d-9786-72646274132b] - Repository Save
09:51:03.661 [Thread-1] INFO  c.y.controller.MyController [4bb3c255-ae98-4f1a-942f-3ad72324a6a7] - Controller Save
09:51:03.660 [Thread-3] INFO  c.y.controller.MyController [a791b139-3528-4597-abd5-55ed8f6a0cb2] - Controller Save
09:51:03.662 [Thread-3] INFO  com.yeahbutstill.service.MyService [a791b139-3528-4597-abd5-55ed8f6a0cb2] - Service Save
09:51:03.662 [Thread-1] INFO  com.yeahbutstill.service.MyService [4bb3c255-ae98-4f1a-942f-3ad72324a6a7] - Service Save
09:51:03.662 [Thread-10] INFO  com.yeahbutstill.service.MyService [4fe0b6b3-2ff8-49a8-8278-a08ab90e8156] - Service Save
09:51:03.662 [Thread-3] INFO  com.yeahbutstill.repo.MyRepository [a791b139-3528-4597-abd5-55ed8f6a0cb2] - Repository Save
09:51:03.662 [Thread-1] INFO  com.yeahbutstill.repo.MyRepository [4bb3c255-ae98-4f1a-942f-3ad72324a6a7] - Repository Save
09:51:03.662 [Thread-10] INFO  com.yeahbutstill.repo.MyRepository [4fe0b6b3-2ff8-49a8-8278-a08ab90e8156] - Repository Save
09:51:03.663 [Thread-9] INFO  com.yeahbutstill.service.MyService [1f3ce340-967f-42b1-9592-694a1387221c] - Service Save
09:51:03.663 [Thread-2] INFO  com.yeahbutstill.service.MyService [24ef66a0-e640-4446-b1e3-9354d9f9656c] - Service Save
09:51:03.663 [Thread-8] INFO  com.yeahbutstill.service.MyService [4840373a-b9b2-4947-9bdb-d01f85d86e8d] - Service Save
09:51:03.663 [Thread-9] INFO  com.yeahbutstill.repo.MyRepository [1f3ce340-967f-42b1-9592-694a1387221c] - Repository Save
09:51:03.663 [Thread-2] INFO  com.yeahbutstill.repo.MyRepository [24ef66a0-e640-4446-b1e3-9354d9f9656c] - Repository Save
09:51:03.663 [Thread-8] INFO  com.yeahbutstill.repo.MyRepository [4840373a-b9b2-4947-9bdb-d01f85d86e8d] - Repository Save
